<?xml version="1.0" encoding="UTF-8"?>
<!-- Generated by org.testng.reporters.JUnitXMLReporter -->
<testsuite ignored="0" hostname="HH13" failures="0" tests="5" name="starhealth001" time="21.475" errors="0" timestamp="2024-02-02T14:59:40 IST">
  <testcase classname="starHealthScenario2.TestStarHealthPage" name="click_onPlans" time="1.75"/>
  <testcase classname="starHealthScenario2.TestStarHealthPage" name="click_on_option" time="4.284"/>
  <testcase classname="starHealthScenario2.TestStarHealthPage" name="enter_user_details" time="0.472"/>
  <testcase classname="starHealthScenario2.TestStarHealthPage" name="clickTwitterLogo" time="7.202"/>
  <testcase classname="starHealthScenario2.TestStarHealthPage" name="validateTwitterPage" time="0.524"/>
</testsuite> <!-- starhealth001 -->
